<?xml version="1.0" encoding="UTF-8"?>
<testng-results skipped="0" failed="0" total="1" passed="1">
  <reporter-output>
  </reporter-output>
  <suite name="Suite" duration-ms="51972" started-at="2015-12-29T10:48:26Z" finished-at="2015-12-29T10:49:18Z">
    <groups>
    </groups>
    <test name="Test" duration-ms="51972" started-at="2015-12-29T10:48:26Z" finished-at="2015-12-29T10:49:18Z">
      <class name="First_Mobile.Price_Raja_App.Test.FirstPageTest">
        <test-method status="PASS" signature="preCondition()[pri:0, instance:First_Mobile.Price_Raja_App.Test.FirstPageTest@56ac3a89]" name="preCondition" is-config="true" duration-ms="45668" started-at="2015-12-29T16:18:27Z" finished-at="2015-12-29T16:19:12Z">
          <reporter-output>
          </reporter-output>
        </test-method> <!-- preCondition -->
        <test-method status="PASS" signature="FirstTest()[pri:0, instance:First_Mobile.Price_Raja_App.Test.FirstPageTest@56ac3a89]" name="FirstTest" duration-ms="4808" started-at="2015-12-29T16:19:12Z" finished-at="2015-12-29T16:19:17Z">
          <reporter-output>
          </reporter-output>
        </test-method> <!-- FirstTest -->
        <test-method status="PASS" signature="tearDown()[pri:0, instance:First_Mobile.Price_Raja_App.Test.FirstPageTest@56ac3a89]" name="tearDown" is-config="true" duration-ms="843" started-at="2015-12-29T16:19:17Z" finished-at="2015-12-29T16:19:18Z">
          <reporter-output>
          </reporter-output>
        </test-method> <!-- tearDown -->
      </class> <!-- First_Mobile.Price_Raja_App.Test.FirstPageTest -->
    </test> <!-- Test -->
  </suite> <!-- Suite -->
</testng-results>
